{
  "RSpec": {
    "coverage": {
      "/Users/WyethJackson/Desktop/phase-3/week-2/bobikky/app/models/wiki.rb": [
        1,
        1,
        1,
        1,
        null
      ],
      "/Users/WyethJackson/Desktop/phase-3/week-2/bobikky/app/models/article.rb": [
        1,
        1,
        1,
        1,
        null
      ],
      "/Users/WyethJackson/Desktop/phase-3/week-2/bobikky/app/models/user_wiki.rb": [
        1,
        1,
        1,
        null
      ]
    },
    "timestamp": 1444156173
  }
}
